Using pre-set license
Built from '6000.0/staging' branch; Version is '6000.0.41f1 (46e447368a18) revision 4645959'; Using compiler version '193933523'; Build Type 'Release'
OS: 'Windows 10  (10.0.19045) 64bit Professional' Language: 'en' Physical Memory: 32675 MB
BatchMode: 1, IsHumanControllingUs: 0, StartBugReporterOnCrash: 0, Is64bit: 1, IsPro: 1

COMMAND LINE ARGUMENTS:
C:\Program Files\Unity\Hub\Editor\6000.0.41f1\Editor\Unity.exe
-adb2
-batchMode
-noUpm
-name
AssetImportWorker2
-projectPath
E:/Unity Projects/TankSurvivor
-logFile
Logs/AssetImportWorker2.log
-srvPort
59130
-job-worker-count
7
-background-job-worker-count
8
-gc-helper-count
1
Successfully changed project path to: E:/Unity Projects/TankSurvivor
E:/Unity Projects/TankSurvivor
[UnityMemory] Configuration Parameters - Can be set up in boot.config
    "memorysetup-bucket-allocator-granularity=16"
    "memorysetup-bucket-allocator-bucket-count=8"
    "memorysetup-bucket-allocator-block-size=33554432"
    "memorysetup-bucket-allocator-block-count=8"
    "memorysetup-main-allocator-block-size=16777216"
    "memorysetup-thread-allocator-block-size=16777216"
    "memorysetup-gfx-main-allocator-block-size=16777216"
    "memorysetup-gfx-thread-allocator-block-size=16777216"
    "memorysetup-cache-allocator-block-size=4194304"
    "memorysetup-typetree-allocator-block-size=2097152"
    "memorysetup-profiler-bucket-allocator-granularity=16"
    "memorysetup-profiler-bucket-allocator-bucket-count=8"
    "memorysetup-profiler-bucket-allocator-block-size=33554432"
    "memorysetup-profiler-bucket-allocator-block-count=8"
    "memorysetup-profiler-allocator-block-size=16777216"
    "memorysetup-profiler-editor-allocator-block-size=1048576"
    "memorysetup-temp-allocator-size-main=16777216"
    "memorysetup-job-temp-allocator-block-size=2097152"
    "memorysetup-job-temp-allocator-block-size-background=1048576"
    "memorysetup-job-temp-allocator-reduction-small-platforms=262144"
    "memorysetup-allocator-temp-initial-block-size-main=262144"
    "memorysetup-allocator-temp-initial-block-size-worker=262144"
    "memorysetup-temp-allocator-size-background-worker=32768"
    "memorysetup-temp-allocator-size-job-worker=262144"
    "memorysetup-temp-allocator-size-preload-manager=33554432"
    "memorysetup-temp-allocator-size-nav-mesh-worker=65536"
    "memorysetup-temp-allocator-size-audio-worker=65536"
    "memorysetup-temp-allocator-size-cloud-worker=32768"
    "memorysetup-temp-allocator-size-gi-baking-worker=262144"
    "memorysetup-temp-allocator-size-gi-baking-worker=262144"
    "memorysetup-temp-allocator-size-gi-baking-worker=262144"
    "memorysetup-temp-allocator-size-gi-baking-worker=262144"
    "memorysetup-temp-allocator-size-gi-baking-worker=262144"
    "memorysetup-temp-allocator-size-gfx=262144"
Player connection [26340]  Target information:

Player connection [26340]  * "[IP] 192.168.56.1 [Port] 0 [Flags] 2 [Guid] 184305139 [EditorId] 184305139 [Version] 1048832 [Id] WindowsEditor(7,DESKTOP-PHQU7AU) [Debug] 1 [PackageName] WindowsEditor [ProjectName] Editor" 

Player connection [26340]  * "[IP] 192.168.0.100 [Port] 0 [Flags] 2 [Guid] 184305139 [EditorId] 184305139 [Version] 1048832 [Id] WindowsEditor(7,DESKTOP-PHQU7AU) [Debug] 1 [PackageName] WindowsEditor [ProjectName] Editor" 

Player connection [26340]  * "[IP] 172.21.96.1 [Port] 0 [Flags] 2 [Guid] 184305139 [EditorId] 184305139 [Version] 1048832 [Id] WindowsEditor(7,DESKTOP-PHQU7AU) [Debug] 1 [PackageName] WindowsEditor [ProjectName] Editor" 

Player connection [26340]  * "[IP] 25.64.44.244 [Port] 0 [Flags] 2 [Guid] 184305139 [EditorId] 184305139 [Version] 1048832 [Id] WindowsEditor(7,DESKTOP-PHQU7AU) [Debug] 1 [PackageName] WindowsEditor [ProjectName] Editor" 

Player connection [26340]  * "[IP] 169.254.83.107 [Port] 0 [Flags] 2 [Guid] 184305139 [EditorId] 184305139 [Version] 1048832 [Id] WindowsEditor(7,DESKTOP-PHQU7AU) [Debug] 1 [PackageName] WindowsEditor [ProjectName] Editor" 

Player connection [26340]  * "[IP] 10.5.0.2 [Port] 0 [Flags] 2 [Guid] 184305139 [EditorId] 184305139 [Version] 1048832 [Id] WindowsEditor(7,DESKTOP-PHQU7AU) [Debug] 1 [PackageName] WindowsEditor [ProjectName] Editor" 

Player connection [26340] Host joined multi-casting on [225.0.0.222:54997]...
Player connection [26340] Host joined alternative multi-casting on [225.0.0.222:34997]...
JobSystem: Creating JobQueue using job-worker-count value 7
Input System module state changed to: Initialized.
[Physics::Module] Initialized fallback backend.
[Physics::Module] Id: 0xdecafbad
Library Redirect Path: Library/
[Physics::Module] Selected backend.
[Physics::Module] Name: PhysX
[Physics::Module] Id: 0xf2b8ea05
[Physics::Module] SDK Version: 4.1.2
[Physics::Module] Integration Version: 1.0.0
[Physics::Module] Threading Mode: Multi-Threaded
Refreshing native plugins compatible for Editor in 133.81 ms, found 4 plugins.
Preloading 0 native plugins for Editor in 0.00 ms.
Initialize engine version: 6000.0.41f1 (46e447368a18)
[Subsystems] Discovering subsystems at path C:/Program Files/Unity/Hub/Editor/6000.0.41f1/Editor/Data/Resources/UnitySubsystems
[Subsystems] Discovering subsystems at path E:/Unity Projects/TankSurvivor/Assets
GfxDevice: creating device client; kGfxThreadingModeNonThreaded
Direct3D:
    Version:  Direct3D 11.0 [level 11.1]
    Renderer: NVIDIA GeForce GTX 1070 (ID=0x1b81)
    Vendor:   NVIDIA
    VRAM:     8067 MB
    Driver:   32.0.15.7247
Initialize mono
Mono path[0] = 'C:/Program Files/Unity/Hub/Editor/6000.0.41f1/Editor/Data/Managed'
Mono path[1] = 'C:/Program Files/Unity/Hub/Editor/6000.0.41f1/Editor/Data/MonoBleedingEdge/lib/mono/unityjit-win32'
Mono config path = 'C:/Program Files/Unity/Hub/Editor/6000.0.41f1/Editor/Data/MonoBleedingEdge/etc'
Using monoOptions --debugger-agent=transport=dt_socket,embedding=1,server=y,suspend=n,address=127.0.0.1:56324
Begin MonoManager ReloadAssembly
Registering precompiled unity dll's ...
Register platform support module: C:/Program Files/Unity/Hub/Editor/6000.0.41f1/Editor/Data/PlaybackEngines/WindowsStandaloneSupport/UnityEditor.WindowsStandalone.Extensions.dll
Registered in 0.003972 seconds.
- Loaded All Assemblies, in  9.445 seconds
Native extension for WindowsStandalone target not found
Mono: successfully reloaded assembly
- Finished resetting the current domain, in  0.356 seconds
Domain Reload Profiling: 9798ms
	BeginReloadAssembly (7799ms)
		ExecutionOrderSort (0ms)
		DisableScriptedObjects (0ms)
		BackupInstance (0ms)
		ReleaseScriptingObjects (0ms)
		CreateAndSetChildDomain (1ms)
	RebuildCommonClasses (533ms)
	RebuildNativeTypeToScriptingClass (13ms)
	initialDomainReloadingComplete (52ms)
	LoadAllAssembliesAndSetupDomain (1044ms)
		LoadAssemblies (7801ms)
		RebuildTransferFunctionScriptingTraits (0ms)
		AnalyzeDomain (1036ms)
			TypeCache.Refresh (1034ms)
				TypeCache.ScanAssembly (739ms)
			BuildScriptInfoCaches (0ms)
			ResolveRequiredComponents (0ms)
	FinalizeReload (357ms)
		ReleaseScriptCaches (0ms)
		RebuildScriptCaches (0ms)
		SetupLoadedEditorAssemblies (311ms)
			LogAssemblyErrors (0ms)
			InitializePlatformSupportModulesInManaged (21ms)
			SetLoadedEditorAssemblies (5ms)
			BeforeProcessingInitializeOnLoad (57ms)
			ProcessInitializeOnLoadAttributes (149ms)
			ProcessInitializeOnLoadMethodAttributes (79ms)
			AfterProcessingInitializeOnLoad (0ms)
			EditorAssembliesLoaded (0ms)
		ExecutionOrderSort2 (0ms)
		AwakeInstancesAfterBackupRestoration (0ms)
========================================================================
Worker process is ready to serve import requests
Import Worker Mode flag is 0x00
Begin MonoManager ReloadAssembly
- Loaded All Assemblies, in  9.287 seconds
Refreshing native plugins compatible for Editor in 1.44 ms, found 4 plugins.
Native extension for WindowsStandalone target not found
Mono: successfully reloaded assembly
- Finished resetting the current domain, in  1.100 seconds
Domain Reload Profiling: 10381ms
	BeginReloadAssembly (173ms)
		ExecutionOrderSort (0ms)
		DisableScriptedObjects (6ms)
		BackupInstance (0ms)
		ReleaseScriptingObjects (0ms)
		CreateAndSetChildDomain (31ms)
	RebuildCommonClasses (36ms)
	RebuildNativeTypeToScriptingClass (13ms)
	initialDomainReloadingComplete (43ms)
	LoadAllAssembliesAndSetupDomain (9016ms)
		LoadAssemblies (8389ms)
		RebuildTransferFunctionScriptingTraits (0ms)
		AnalyzeDomain (730ms)
			TypeCache.Refresh (652ms)
				TypeCache.ScanAssembly (583ms)
			BuildScriptInfoCaches (64ms)
			ResolveRequiredComponents (11ms)
	FinalizeReload (1100ms)
		ReleaseScriptCaches (0ms)
		RebuildScriptCaches (0ms)
		SetupLoadedEditorAssemblies (669ms)
			LogAssemblyErrors (0ms)
			InitializePlatformSupportModulesInManaged (2ms)
			SetLoadedEditorAssemblies (5ms)
			BeforeProcessingInitializeOnLoad (129ms)
			ProcessInitializeOnLoadAttributes (397ms)
			ProcessInitializeOnLoadMethodAttributes (130ms)
			AfterProcessingInitializeOnLoad (6ms)
			EditorAssembliesLoaded (0ms)
		ExecutionOrderSort2 (0ms)
		AwakeInstancesAfterBackupRestoration (5ms)
Launched and connected shader compiler UnityShaderCompiler.exe after 0.03 seconds
Refreshing native plugins compatible for Editor in 2.35 ms, found 4 plugins.
Preloading 0 native plugins for Editor in 0.00 ms.
Unloading 206 Unused Serialized files (Serialized files now loaded: 0)
Unloading 6593 unused Assets / (6.9 MB). Loaded Objects now: 7238.
Memory consumption went from 174.4 MB to 167.5 MB.
Total: 11.135200 ms (FindLiveObjects: 0.797700 ms CreateObjectMapping: 1.422800 ms MarkObjects: 5.410200 ms  DeleteObjects: 3.503400 ms)

========================================================================
Received Import Request.
  Time since last request: 211983.903907 seconds.
  path: Assets/Textures/seamlessTextures2/IMGP5539_almost_seamless.jpg
  artifactKey: Guid(a35724751230df44e9c3bf0951b7f359) Importer(815301076,1909f56bfc062723c751e8b465ee728b)
Start importing Assets/Textures/seamlessTextures2/IMGP5539_almost_seamless.jpg using Guid(a35724751230df44e9c3bf0951b7f359) Importer(815301076,1909f56bfc062723c751e8b465ee728b) (PreviewImporter) -> (artifact id: 'a97a7af81df2da5c7fb99565c46ef5bb') in 0.1163321 seconds
Number of updated asset objects reloaded before import = 0Number of asset objects unloaded after import = 3

========================================================================
Received Import Request.
  Time since last request: 635.227106 seconds.
  path: Assets/Textures/seamlessTextures2/IMGP5539_almost_seamless.jpg
  artifactKey: Guid(a35724751230df44e9c3bf0951b7f359) Importer(815301076,1909f56bfc062723c751e8b465ee728b)
Start importing Assets/Textures/seamlessTextures2/IMGP5539_almost_seamless.jpg using Guid(a35724751230df44e9c3bf0951b7f359) Importer(815301076,1909f56bfc062723c751e8b465ee728b) (PreviewImporter) -> (artifact id: 'a51262165947b597979e116e5e9ed739') in 0.019643 seconds
Number of updated asset objects reloaded before import = 0Number of asset objects unloaded after import = 3

========================================================================
Received Prepare
Refreshing native plugins compatible for Editor in 2.87 ms, found 4 plugins.
Preloading 0 native plugins for Editor in 0.00 ms.
Unloading 40 Unused Serialized files (Serialized files now loaded: 0)
Unloading 6580 unused Assets / (7.2 MB). Loaded Objects now: 7247.
Memory consumption went from 153.1 MB to 145.9 MB.
Total: 21.129300 ms (FindLiveObjects: 1.210000 ms CreateObjectMapping: 2.112000 ms MarkObjects: 11.860500 ms  DeleteObjects: 5.945600 ms)

Prepare: number of updated asset objects reloaded= 0
========================================================================
Received Prepare
Begin MonoManager ReloadAssembly
- Loaded All Assemblies, in  0.803 seconds
Refreshing native plugins compatible for Editor in 1.67 ms, found 4 plugins.
Native extension for WindowsStandalone target not found
Mono: successfully reloaded assembly
- Finished resetting the current domain, in  0.812 seconds
Domain Reload Profiling: 1612ms
	BeginReloadAssembly (223ms)
		ExecutionOrderSort (0ms)
		DisableScriptedObjects (14ms)
		BackupInstance (0ms)
		ReleaseScriptingObjects (0ms)
		CreateAndSetChildDomain (55ms)
	RebuildCommonClasses (37ms)
	RebuildNativeTypeToScriptingClass (13ms)
	initialDomainReloadingComplete (30ms)
	LoadAllAssembliesAndSetupDomain (496ms)
		LoadAssemblies (381ms)
		RebuildTransferFunctionScriptingTraits (0ms)
		AnalyzeDomain (223ms)
			TypeCache.Refresh (12ms)
				TypeCache.ScanAssembly (0ms)
			BuildScriptInfoCaches (196ms)
			ResolveRequiredComponents (12ms)
	FinalizeReload (812ms)
		ReleaseScriptCaches (0ms)
		RebuildScriptCaches (0ms)
		SetupLoadedEditorAssemblies (586ms)
			LogAssemblyErrors (0ms)
			InitializePlatformSupportModulesInManaged (2ms)
			SetLoadedEditorAssemblies (6ms)
			BeforeProcessingInitializeOnLoad (139ms)
			ProcessInitializeOnLoadAttributes (364ms)
			ProcessInitializeOnLoadMethodAttributes (68ms)
			AfterProcessingInitializeOnLoad (7ms)
			EditorAssembliesLoaded (0ms)
		ExecutionOrderSort2 (0ms)
		AwakeInstancesAfterBackupRestoration (12ms)
Refreshing native plugins compatible for Editor in 2.83 ms, found 4 plugins.
Preloading 0 native plugins for Editor in 0.00 ms.
Unloading 40 Unused Serialized files (Serialized files now loaded: 0)
Unloading 6591 unused Assets / (7.5 MB). Loaded Objects now: 7249.
Memory consumption went from 156.1 MB to 148.6 MB.
Total: 19.326600 ms (FindLiveObjects: 1.229900 ms CreateObjectMapping: 1.816500 ms MarkObjects: 9.049600 ms  DeleteObjects: 7.229000 ms)

Prepare: number of updated asset objects reloaded= 0
========================================================================
Received Import Request.
  Time since last request: 82.143735 seconds.
  path: Assets/Textures/SeamlessGroundTextures09012024/SeamlessGroundTextures/grass-yellowish-1.png
  artifactKey: Guid(fe44dae58b7bc334192f8a8fa591deba) Importer(815301076,1909f56bfc062723c751e8b465ee728b)
Start importing Assets/Textures/SeamlessGroundTextures09012024/SeamlessGroundTextures/grass-yellowish-1.png using Guid(fe44dae58b7bc334192f8a8fa591deba) Importer(815301076,1909f56bfc062723c751e8b465ee728b) (PreviewImporter) -> (artifact id: 'f93067e4c51f5e1a5330c4a0ed945a3c') in 0.0860038 seconds
Number of updated asset objects reloaded before import = 0Number of asset objects unloaded after import = 3

========================================================================
Received Import Request.
  Time since last request: 0.000017 seconds.
  path: Assets/Textures/SeamlessGroundTextures09012024/SeamlessGroundTextures/grass-pink--dark-1.png
  artifactKey: Guid(ce4d8a3136968eb409ccac3d6958a47e) Importer(815301076,1909f56bfc062723c751e8b465ee728b)
Start importing Assets/Textures/SeamlessGroundTextures09012024/SeamlessGroundTextures/grass-pink--dark-1.png using Guid(ce4d8a3136968eb409ccac3d6958a47e) Importer(815301076,1909f56bfc062723c751e8b465ee728b) (PreviewImporter) -> (artifact id: '622b89f0e93b8fe2f29e03b49b64d17a') in 0.0169794 seconds
Number of updated asset objects reloaded before import = 0Number of asset objects unloaded after import = 3

========================================================================
Received Import Request.
  Time since last request: 0.000022 seconds.
  path: Assets/Textures/SeamlessGroundTextures09012024/SeamlessGroundTextures/grass-pink-1.png
  artifactKey: Guid(02bf5c47e7f569a4cb6fec7d8def3bb8) Importer(815301076,1909f56bfc062723c751e8b465ee728b)
Start importing Assets/Textures/SeamlessGroundTextures09012024/SeamlessGroundTextures/grass-pink-1.png using Guid(02bf5c47e7f569a4cb6fec7d8def3bb8) Importer(815301076,1909f56bfc062723c751e8b465ee728b) (PreviewImporter) -> (artifact id: 'b48d6951bd419ea7961fc04661e24c60') in 0.0165768 seconds
Number of updated asset objects reloaded before import = 0Number of asset objects unloaded after import = 3

========================================================================
Received Import Request.
  Time since last request: 0.000023 seconds.
  path: Assets/Textures/SeamlessGroundTextures09012024/SeamlessGroundTextures/grass-dark-1.png
  artifactKey: Guid(6e148bfb57fa87741968f1deeef133c4) Importer(815301076,1909f56bfc062723c751e8b465ee728b)
Start importing Assets/Textures/SeamlessGroundTextures09012024/SeamlessGroundTextures/grass-dark-1.png using Guid(6e148bfb57fa87741968f1deeef133c4) Importer(815301076,1909f56bfc062723c751e8b465ee728b) (PreviewImporter) -> (artifact id: '7c33ae9ad4b65a7d69fdf4a5aa629fc3') in 0.0140573 seconds
Number of updated asset objects reloaded before import = 0Number of asset objects unloaded after import = 3

========================================================================
Received Import Request.
  Time since last request: 0.095319 seconds.
  path: Assets/Textures/SeamlessGroundTextures09012024/SeamlessGroundTextures/grass-alternative-pale-2.png
  artifactKey: Guid(1b39f158f1cee81488e8891351ef10c1) Importer(815301076,1909f56bfc062723c751e8b465ee728b)
Start importing Assets/Textures/SeamlessGroundTextures09012024/SeamlessGroundTextures/grass-alternative-pale-2.png using Guid(1b39f158f1cee81488e8891351ef10c1) Importer(815301076,1909f56bfc062723c751e8b465ee728b) (PreviewImporter) -> (artifact id: '1a7a050ae9c0f50c91ee489bfdc0d29a') in 0.0335886 seconds
Number of updated asset objects reloaded before import = 0Number of asset objects unloaded after import = 3

========================================================================
Received Import Request.
  Time since last request: 0.000032 seconds.
  path: Assets/Textures/SeamlessGroundTextures09012024/SeamlessGroundTextures/grass-bright-1.png
  artifactKey: Guid(7d03b405266100d4e894acd9ab23ba64) Importer(815301076,1909f56bfc062723c751e8b465ee728b)
Start importing Assets/Textures/SeamlessGroundTextures09012024/SeamlessGroundTextures/grass-bright-1.png using Guid(7d03b405266100d4e894acd9ab23ba64) Importer(815301076,1909f56bfc062723c751e8b465ee728b) (PreviewImporter) -> (artifact id: '93a036338024fa487bdc0b809199a8b2') in 0.0175835 seconds
Number of updated asset objects reloaded before import = 0Number of asset objects unloaded after import = 3

========================================================================
Received Import Request.
  Time since last request: 0.000024 seconds.
  path: Assets/Textures/SeamlessGroundTextures09012024/SeamlessGroundTextures/grass-alternative-1.png
  artifactKey: Guid(19d7e5f7a2a5ab54b9863a343137558b) Importer(815301076,1909f56bfc062723c751e8b465ee728b)
Start importing Assets/Textures/SeamlessGroundTextures09012024/SeamlessGroundTextures/grass-alternative-1.png using Guid(19d7e5f7a2a5ab54b9863a343137558b) Importer(815301076,1909f56bfc062723c751e8b465ee728b) (PreviewImporter) -> (artifact id: 'c84e13cf857adf6fb9ef1eeaf1242f14') in 0.0158211 seconds
Number of updated asset objects reloaded before import = 0Number of asset objects unloaded after import = 3

========================================================================
Received Import Request.
  Time since last request: 0.000017 seconds.
  path: Assets/Textures/SeamlessGroundTextures09012024/SeamlessGroundTextures/grass-alternative-2.png
  artifactKey: Guid(648908ca8a213744db6bd53dbdb62c53) Importer(815301076,1909f56bfc062723c751e8b465ee728b)
Start importing Assets/Textures/SeamlessGroundTextures09012024/SeamlessGroundTextures/grass-alternative-2.png using Guid(648908ca8a213744db6bd53dbdb62c53) Importer(815301076,1909f56bfc062723c751e8b465ee728b) (PreviewImporter) -> (artifact id: '0722f2d6a32c2a4025e9e8b8a715c163') in 0.0158048 seconds
Number of updated asset objects reloaded before import = 0Number of asset objects unloaded after import = 3

========================================================================
Received Import Request.
  Time since last request: 0.000016 seconds.
  path: Assets/Textures/SeamlessGroundTextures09012024/SeamlessGroundTextures/grass-alternative-green-1.png
  artifactKey: Guid(bbb3ede32d386f2488d95744fedf67e8) Importer(815301076,1909f56bfc062723c751e8b465ee728b)
Start importing Assets/Textures/SeamlessGroundTextures09012024/SeamlessGroundTextures/grass-alternative-green-1.png using Guid(bbb3ede32d386f2488d95744fedf67e8) Importer(815301076,1909f56bfc062723c751e8b465ee728b) (PreviewImporter) -> (artifact id: 'a420918dabbf192b133ab430f3ff204f') in 0.014919 seconds
Number of updated asset objects reloaded before import = 0Number of asset objects unloaded after import = 3

Editor requested this worker to shutdown with reason: Scaling down because of idle timeout
AssetImportWorker is now disconnected from the server
Process exiting
Exiting without the bug reporter. Application will terminate with return code 0