Using pre-set license
Built from '6000.0/staging' branch; Version is '6000.0.41f1 (46e447368a18) revision 4645959'; Using compiler version '193933523'; Build Type 'Release'
OS: 'Windows 10  (10.0.19045) 64bit Professional' Language: 'en' Physical Memory: 32675 MB
BatchMode: 1, IsHumanControllingUs: 0, StartBugReporterOnCrash: 0, Is64bit: 1, IsPro: 1

COMMAND LINE ARGUMENTS:
C:\Program Files\Unity\Hub\Editor\6000.0.41f1\Editor\Unity.exe
-adb2
-batchMode
-noUpm
-name
AssetImportWorker3
-projectPath
E:/Unity Projects/TankSurvivor
-logFile
Logs/AssetImportWorker3.log
-srvPort
59130
-job-worker-count
7
-background-job-worker-count
8
-gc-helper-count
1
Successfully changed project path to: E:/Unity Projects/TankSurvivor
E:/Unity Projects/TankSurvivor
[UnityMemory] Configuration Parameters - Can be set up in boot.config
    "memorysetup-bucket-allocator-granularity=16"
    "memorysetup-bucket-allocator-bucket-count=8"
    "memorysetup-bucket-allocator-block-size=33554432"
    "memorysetup-bucket-allocator-block-count=8"
    "memorysetup-main-allocator-block-size=16777216"
    "memorysetup-thread-allocator-block-size=16777216"
    "memorysetup-gfx-main-allocator-block-size=16777216"
    "memorysetup-gfx-thread-allocator-block-size=16777216"
    "memorysetup-cache-allocator-block-size=4194304"
    "memorysetup-typetree-allocator-block-size=2097152"
    "memorysetup-profiler-bucket-allocator-granularity=16"
    "memorysetup-profiler-bucket-allocator-bucket-count=8"
    "memorysetup-profiler-bucket-allocator-block-size=33554432"
    "memorysetup-profiler-bucket-allocator-block-count=8"
    "memorysetup-profiler-allocator-block-size=16777216"
    "memorysetup-profiler-editor-allocator-block-size=1048576"
    "memorysetup-temp-allocator-size-main=16777216"
    "memorysetup-job-temp-allocator-block-size=2097152"
    "memorysetup-job-temp-allocator-block-size-background=1048576"
    "memorysetup-job-temp-allocator-reduction-small-platforms=262144"
    "memorysetup-allocator-temp-initial-block-size-main=262144"
    "memorysetup-allocator-temp-initial-block-size-worker=262144"
    "memorysetup-temp-allocator-size-background-worker=32768"
    "memorysetup-temp-allocator-size-job-worker=262144"
    "memorysetup-temp-allocator-size-preload-manager=33554432"
    "memorysetup-temp-allocator-size-nav-mesh-worker=65536"
    "memorysetup-temp-allocator-size-audio-worker=65536"
    "memorysetup-temp-allocator-size-cloud-worker=32768"
    "memorysetup-temp-allocator-size-gi-baking-worker=262144"
    "memorysetup-temp-allocator-size-gi-baking-worker=262144"
    "memorysetup-temp-allocator-size-gi-baking-worker=262144"
    "memorysetup-temp-allocator-size-gi-baking-worker=262144"
    "memorysetup-temp-allocator-size-gi-baking-worker=262144"
    "memorysetup-temp-allocator-size-gfx=262144"
Player connection [31148]  Target information:

Player connection [31148]  * "[IP] 192.168.56.1 [Port] 0 [Flags] 2 [Guid] 524081480 [EditorId] 524081480 [Version] 1048832 [Id] WindowsEditor(7,DESKTOP-PHQU7AU) [Debug] 1 [PackageName] WindowsEditor [ProjectName] Editor" 

Player connection [31148]  * "[IP] 192.168.0.100 [Port] 0 [Flags] 2 [Guid] 524081480 [EditorId] 524081480 [Version] 1048832 [Id] WindowsEditor(7,DESKTOP-PHQU7AU) [Debug] 1 [PackageName] WindowsEditor [ProjectName] Editor" 

Player connection [31148]  * "[IP] 172.21.96.1 [Port] 0 [Flags] 2 [Guid] 524081480 [EditorId] 524081480 [Version] 1048832 [Id] WindowsEditor(7,DESKTOP-PHQU7AU) [Debug] 1 [PackageName] WindowsEditor [ProjectName] Editor" 

Player connection [31148]  * "[IP] 25.64.44.244 [Port] 0 [Flags] 2 [Guid] 524081480 [EditorId] 524081480 [Version] 1048832 [Id] WindowsEditor(7,DESKTOP-PHQU7AU) [Debug] 1 [PackageName] WindowsEditor [ProjectName] Editor" 

Player connection [31148]  * "[IP] 169.254.83.107 [Port] 0 [Flags] 2 [Guid] 524081480 [EditorId] 524081480 [Version] 1048832 [Id] WindowsEditor(7,DESKTOP-PHQU7AU) [Debug] 1 [PackageName] WindowsEditor [ProjectName] Editor" 

Player connection [31148]  * "[IP] 10.5.0.2 [Port] 0 [Flags] 2 [Guid] 524081480 [EditorId] 524081480 [Version] 1048832 [Id] WindowsEditor(7,DESKTOP-PHQU7AU) [Debug] 1 [PackageName] WindowsEditor [ProjectName] Editor" 

Player connection [31148] Host joined multi-casting on [225.0.0.222:54997]...
Player connection [31148] Host joined alternative multi-casting on [225.0.0.222:34997]...
JobSystem: Creating JobQueue using job-worker-count value 7
Input System module state changed to: Initialized.
[Physics::Module] Initialized fallback backend.
[Physics::Module] Id: 0xdecafbad
Library Redirect Path: Library/
[Physics::Module] Selected backend.
[Physics::Module] Name: PhysX
[Physics::Module] Id: 0xf2b8ea05
[Physics::Module] SDK Version: 4.1.2
[Physics::Module] Integration Version: 1.0.0
[Physics::Module] Threading Mode: Multi-Threaded
Refreshing native plugins compatible for Editor in 144.25 ms, found 4 plugins.
Preloading 0 native plugins for Editor in 0.00 ms.
Initialize engine version: 6000.0.41f1 (46e447368a18)
[Subsystems] Discovering subsystems at path C:/Program Files/Unity/Hub/Editor/6000.0.41f1/Editor/Data/Resources/UnitySubsystems
[Subsystems] Discovering subsystems at path E:/Unity Projects/TankSurvivor/Assets
GfxDevice: creating device client; kGfxThreadingModeNonThreaded
Direct3D:
    Version:  Direct3D 11.0 [level 11.1]
    Renderer: NVIDIA GeForce GTX 1070 (ID=0x1b81)
    Vendor:   NVIDIA
    VRAM:     8067 MB
    Driver:   32.0.15.7247
Initialize mono
Mono path[0] = 'C:/Program Files/Unity/Hub/Editor/6000.0.41f1/Editor/Data/Managed'
Mono path[1] = 'C:/Program Files/Unity/Hub/Editor/6000.0.41f1/Editor/Data/MonoBleedingEdge/lib/mono/unityjit-win32'
Mono config path = 'C:/Program Files/Unity/Hub/Editor/6000.0.41f1/Editor/Data/MonoBleedingEdge/etc'
Using monoOptions --debugger-agent=transport=dt_socket,embedding=1,server=y,suspend=n,address=127.0.0.1:56328
Begin MonoManager ReloadAssembly
Registering precompiled unity dll's ...
Register platform support module: C:/Program Files/Unity/Hub/Editor/6000.0.41f1/Editor/Data/PlaybackEngines/WindowsStandaloneSupport/UnityEditor.WindowsStandalone.Extensions.dll
Registered in 0.004180 seconds.
- Loaded All Assemblies, in  9.444 seconds
Native extension for WindowsStandalone target not found
Mono: successfully reloaded assembly
- Finished resetting the current domain, in  0.356 seconds
Domain Reload Profiling: 9798ms
	BeginReloadAssembly (7799ms)
		ExecutionOrderSort (0ms)
		DisableScriptedObjects (0ms)
		BackupInstance (0ms)
		ReleaseScriptingObjects (0ms)
		CreateAndSetChildDomain (1ms)
	RebuildCommonClasses (533ms)
	RebuildNativeTypeToScriptingClass (13ms)
	initialDomainReloadingComplete (53ms)
	LoadAllAssembliesAndSetupDomain (1044ms)
		LoadAssemblies (7801ms)
		RebuildTransferFunctionScriptingTraits (0ms)
		AnalyzeDomain (1035ms)
			TypeCache.Refresh (1034ms)
				TypeCache.ScanAssembly (738ms)
			BuildScriptInfoCaches (0ms)
			ResolveRequiredComponents (0ms)
	FinalizeReload (357ms)
		ReleaseScriptCaches (0ms)
		RebuildScriptCaches (0ms)
		SetupLoadedEditorAssemblies (311ms)
			LogAssemblyErrors (0ms)
			InitializePlatformSupportModulesInManaged (21ms)
			SetLoadedEditorAssemblies (4ms)
			BeforeProcessingInitializeOnLoad (57ms)
			ProcessInitializeOnLoadAttributes (149ms)
			ProcessInitializeOnLoadMethodAttributes (79ms)
			AfterProcessingInitializeOnLoad (0ms)
			EditorAssembliesLoaded (0ms)
		ExecutionOrderSort2 (0ms)
		AwakeInstancesAfterBackupRestoration (0ms)
========================================================================
Worker process is ready to serve import requests
Import Worker Mode flag is 0x00
Begin MonoManager ReloadAssembly
- Loaded All Assemblies, in  9.283 seconds
Refreshing native plugins compatible for Editor in 1.63 ms, found 4 plugins.
Native extension for WindowsStandalone target not found
Mono: successfully reloaded assembly
- Finished resetting the current domain, in  1.105 seconds
Domain Reload Profiling: 10383ms
	BeginReloadAssembly (170ms)
		ExecutionOrderSort (0ms)
		DisableScriptedObjects (6ms)
		BackupInstance (0ms)
		ReleaseScriptingObjects (0ms)
		CreateAndSetChildDomain (31ms)
	RebuildCommonClasses (36ms)
	RebuildNativeTypeToScriptingClass (12ms)
	initialDomainReloadingComplete (43ms)
	LoadAllAssembliesAndSetupDomain (9016ms)
		LoadAssemblies (8385ms)
		RebuildTransferFunctionScriptingTraits (0ms)
		AnalyzeDomain (731ms)
			TypeCache.Refresh (652ms)
				TypeCache.ScanAssembly (585ms)
			BuildScriptInfoCaches (66ms)
			ResolveRequiredComponents (11ms)
	FinalizeReload (1105ms)
		ReleaseScriptCaches (0ms)
		RebuildScriptCaches (0ms)
		SetupLoadedEditorAssemblies (672ms)
			LogAssemblyErrors (0ms)
			InitializePlatformSupportModulesInManaged (2ms)
			SetLoadedEditorAssemblies (5ms)
			BeforeProcessingInitializeOnLoad (128ms)
			ProcessInitializeOnLoadAttributes (397ms)
			ProcessInitializeOnLoadMethodAttributes (134ms)
			AfterProcessingInitializeOnLoad (6ms)
			EditorAssembliesLoaded (0ms)
		ExecutionOrderSort2 (0ms)
		AwakeInstancesAfterBackupRestoration (5ms)
Launched and connected shader compiler UnityShaderCompiler.exe after 0.03 seconds
Refreshing native plugins compatible for Editor in 2.10 ms, found 4 plugins.
Preloading 0 native plugins for Editor in 0.00 ms.
Unloading 206 Unused Serialized files (Serialized files now loaded: 0)
Unloading 6593 unused Assets / (7.0 MB). Loaded Objects now: 7238.
Memory consumption went from 176.4 MB to 169.4 MB.
Total: 10.857500 ms (FindLiveObjects: 0.939600 ms CreateObjectMapping: 1.218400 ms MarkObjects: 5.143500 ms  DeleteObjects: 3.554900 ms)

========================================================================
Received Prepare
Refreshing native plugins compatible for Editor in 2.86 ms, found 4 plugins.
Preloading 0 native plugins for Editor in 0.00 ms.
Unloading 40 Unused Serialized files (Serialized files now loaded: 0)
Unloading 6580 unused Assets / (7.0 MB). Loaded Objects now: 7238.
Memory consumption went from 149.8 MB to 142.8 MB.
Total: 20.028900 ms (FindLiveObjects: 1.215600 ms CreateObjectMapping: 1.742700 ms MarkObjects: 10.152700 ms  DeleteObjects: 6.916100 ms)

Prepare: number of updated asset objects reloaded= 0
========================================================================
Received Prepare
Begin MonoManager ReloadAssembly
- Loaded All Assemblies, in  0.817 seconds
Refreshing native plugins compatible for Editor in 1.51 ms, found 4 plugins.
Native extension for WindowsStandalone target not found
Mono: successfully reloaded assembly
- Finished resetting the current domain, in  0.818 seconds
Domain Reload Profiling: 1634ms
	BeginReloadAssembly (227ms)
		ExecutionOrderSort (0ms)
		DisableScriptedObjects (16ms)
		BackupInstance (0ms)
		ReleaseScriptingObjects (0ms)
		CreateAndSetChildDomain (52ms)
	RebuildCommonClasses (37ms)
	RebuildNativeTypeToScriptingClass (14ms)
	initialDomainReloadingComplete (29ms)
	LoadAllAssembliesAndSetupDomain (508ms)
		LoadAssemblies (388ms)
		RebuildTransferFunctionScriptingTraits (0ms)
		AnalyzeDomain (232ms)
			TypeCache.Refresh (11ms)
				TypeCache.ScanAssembly (0ms)
			BuildScriptInfoCaches (204ms)
			ResolveRequiredComponents (14ms)
	FinalizeReload (819ms)
		ReleaseScriptCaches (0ms)
		RebuildScriptCaches (0ms)
		SetupLoadedEditorAssemblies (589ms)
			LogAssemblyErrors (0ms)
			InitializePlatformSupportModulesInManaged (2ms)
			SetLoadedEditorAssemblies (7ms)
			BeforeProcessingInitializeOnLoad (140ms)
			ProcessInitializeOnLoadAttributes (367ms)
			ProcessInitializeOnLoadMethodAttributes (65ms)
			AfterProcessingInitializeOnLoad (7ms)
			EditorAssembliesLoaded (0ms)
		ExecutionOrderSort2 (0ms)
		AwakeInstancesAfterBackupRestoration (17ms)
Refreshing native plugins compatible for Editor in 2.86 ms, found 4 plugins.
Preloading 0 native plugins for Editor in 0.00 ms.
Unloading 40 Unused Serialized files (Serialized files now loaded: 0)
Unloading 6591 unused Assets / (7.4 MB). Loaded Objects now: 7241.
Memory consumption went from 153.1 MB to 145.7 MB.
Total: 19.247300 ms (FindLiveObjects: 1.297900 ms CreateObjectMapping: 1.863100 ms MarkObjects: 9.517200 ms  DeleteObjects: 6.567700 ms)

Prepare: number of updated asset objects reloaded= 0
========================================================================
Received Import Request.
  Time since last request: 212701.479129 seconds.
  path: Assets/Textures/SeamlessGroundTextures09012024/SeamlessGroundTextures/grass-yellowish-2.png
  artifactKey: Guid(ee51305ecd089944ba9c61da95ef998f) Importer(815301076,1909f56bfc062723c751e8b465ee728b)
Start importing Assets/Textures/SeamlessGroundTextures09012024/SeamlessGroundTextures/grass-yellowish-2.png using Guid(ee51305ecd089944ba9c61da95ef998f) Importer(815301076,1909f56bfc062723c751e8b465ee728b) (PreviewImporter) -> (artifact id: 'aea1c310019f207bc810680df7f684fa') in 0.124934 seconds
Number of updated asset objects reloaded before import = 0Number of asset objects unloaded after import = 3

========================================================================
Received Import Request.
  Time since last request: 0.000029 seconds.
  path: Assets/Textures/SeamlessGroundTextures09012024/SeamlessGroundTextures/grass-pale-1.png
  artifactKey: Guid(7de5a12a9bf188d48a2f3818255964ed) Importer(815301076,1909f56bfc062723c751e8b465ee728b)
Start importing Assets/Textures/SeamlessGroundTextures09012024/SeamlessGroundTextures/grass-pale-1.png using Guid(7de5a12a9bf188d48a2f3818255964ed) Importer(815301076,1909f56bfc062723c751e8b465ee728b) (PreviewImporter) -> (artifact id: '6a42814e2ee600d68ab41f379589c5a8') in 0.0173397 seconds
Number of updated asset objects reloaded before import = 0Number of asset objects unloaded after import = 3

========================================================================
Received Import Request.
  Time since last request: 0.000019 seconds.
  path: Assets/Textures/SeamlessGroundTextures09012024/SeamlessGroundTextures/grass-red-1.png
  artifactKey: Guid(cafa885c8c779224fa7f7aefbeed06a7) Importer(815301076,1909f56bfc062723c751e8b465ee728b)
Start importing Assets/Textures/SeamlessGroundTextures09012024/SeamlessGroundTextures/grass-red-1.png using Guid(cafa885c8c779224fa7f7aefbeed06a7) Importer(815301076,1909f56bfc062723c751e8b465ee728b) (PreviewImporter) -> (artifact id: '5be1eb8c3ee37fd5cbe28e860ecbfd40') in 0.0145848 seconds
Number of updated asset objects reloaded before import = 0Number of asset objects unloaded after import = 3

========================================================================
Received Import Request.
  Time since last request: 0.000030 seconds.
  path: Assets/Textures/SeamlessGroundTextures09012024/SeamlessGroundTextures/grass-cold-1.png
  artifactKey: Guid(0c97b154daafa274f8a9fa80c64f76f7) Importer(815301076,1909f56bfc062723c751e8b465ee728b)
Start importing Assets/Textures/SeamlessGroundTextures09012024/SeamlessGroundTextures/grass-cold-1.png using Guid(0c97b154daafa274f8a9fa80c64f76f7) Importer(815301076,1909f56bfc062723c751e8b465ee728b) (PreviewImporter) -> (artifact id: '2820606b376599c4655381644a88a7ec') in 0.0162763 seconds
Number of updated asset objects reloaded before import = 0Number of asset objects unloaded after import = 3

========================================================================
Received Import Request.
  Time since last request: 0.051665 seconds.
  path: Assets/Textures/SeamlessGroundTextures09012024/SeamlessGroundTextures/grass-blue-1.png
  artifactKey: Guid(47c1381b69ba28c459ae9c807bbb29aa) Importer(815301076,1909f56bfc062723c751e8b465ee728b)
Start importing Assets/Textures/SeamlessGroundTextures09012024/SeamlessGroundTextures/grass-blue-1.png using Guid(47c1381b69ba28c459ae9c807bbb29aa) Importer(815301076,1909f56bfc062723c751e8b465ee728b) (PreviewImporter) -> (artifact id: 'e6d66e15c4a1d958ba5ca5c39f1adf17') in 0.0358035 seconds
Number of updated asset objects reloaded before import = 0Number of asset objects unloaded after import = 3

========================================================================
Received Import Request.
  Time since last request: 0.000017 seconds.
  path: Assets/Textures/SeamlessGroundTextures09012024/SeamlessGroundTextures/grass-alternative-pale-1.png
  artifactKey: Guid(8d0976bcaa0609f4d90c0aea2035c988) Importer(815301076,1909f56bfc062723c751e8b465ee728b)
Start importing Assets/Textures/SeamlessGroundTextures09012024/SeamlessGroundTextures/grass-alternative-pale-1.png using Guid(8d0976bcaa0609f4d90c0aea2035c988) Importer(815301076,1909f56bfc062723c751e8b465ee728b) (PreviewImporter) -> (artifact id: '94c5af34c672b8cbfa02fe06386d3dd0') in 0.0137976 seconds
Number of updated asset objects reloaded before import = 0Number of asset objects unloaded after import = 3

========================================================================
Received Import Request.
  Time since last request: 0.000016 seconds.
  path: Assets/Textures/SeamlessGroundTextures09012024/SeamlessGroundTextures/grass-1.png
  artifactKey: Guid(6b5b8fa25aea94d4a8222b1b1e8f147a) Importer(815301076,1909f56bfc062723c751e8b465ee728b)
Start importing Assets/Textures/SeamlessGroundTextures09012024/SeamlessGroundTextures/grass-1.png using Guid(6b5b8fa25aea94d4a8222b1b1e8f147a) Importer(815301076,1909f56bfc062723c751e8b465ee728b) (PreviewImporter) -> (artifact id: '65add2597ef6841b77f0c8fa39db8bf7') in 0.0148201 seconds
Number of updated asset objects reloaded before import = 0Number of asset objects unloaded after import = 3

========================================================================
Received Import Request.
  Time since last request: 0.000024 seconds.
  path: Assets/Textures/SeamlessGroundTextures09012024/SeamlessGroundTextures/grass-alternative-3.png
  artifactKey: Guid(102a35848121bed46b941d2cf29ea869) Importer(815301076,1909f56bfc062723c751e8b465ee728b)
Start importing Assets/Textures/SeamlessGroundTextures09012024/SeamlessGroundTextures/grass-alternative-3.png using Guid(102a35848121bed46b941d2cf29ea869) Importer(815301076,1909f56bfc062723c751e8b465ee728b) (PreviewImporter) -> (artifact id: 'abecf0f7012cec7079317cf986839493') in 0.0185912 seconds
Number of updated asset objects reloaded before import = 0Number of asset objects unloaded after import = 3

Editor requested this worker to shutdown with reason: Scaling down because of idle timeout
AssetImportWorker is now disconnected from the server
Process exiting
Exiting without the bug reporter. Application will terminate with return code 0